<?xml version="1.0" encoding="UTF-8"?>
<testsuite name="cricketleagueanalyser.CricketLeagueAnalyserTest" tests="2" skipped="0" failures="0" errors="0" timestamp="2020-08-27T11:31:43" hostname="LAPTOP-2I7PNUC9" time="0.939">
  <properties/>
  <testcase name="givenIPLMostWktsCSVFileReturnsCorrectRecords" classname="cricketleagueanalyser.CricketLeagueAnalyserTest" time="0.668"/>
  <testcase name="givenIPLMostRunsCSVFileReturnsCorrectRecords" classname="cricketleagueanalyser.CricketLeagueAnalyserTest" time="0.271"/>
  <system-out><![CDATA[]]></system-out>
  <system-err><![CDATA[]]></system-err>
</testsuite>
